2024-05-10 23:56:15 0 [Note] Starting MariaDB 10.4.32-MariaDB source revision c4143f909528e3fab0677a28631d10389354c491 as process 8760
2024-05-10 23:56:15 0 [Note] InnoDB: Mutexes and rw_locks use Windows interlocked functions
2024-05-10 23:56:15 0 [Note] InnoDB: Uses event mutexes
2024-05-10 23:56:15 0 [Note] InnoDB: Compressed tables use zlib 1.3
2024-05-10 23:56:15 0 [Note] InnoDB: Number of pools: 1
2024-05-10 23:56:15 0 [Note] InnoDB: Using SSE2 crc32 instructions
2024-05-10 23:56:15 0 [Note] InnoDB: Initializing buffer pool, total size = 16M, instances = 1, chunk size = 16M
2024-05-10 23:56:15 0 [Note] InnoDB: Completed initialization of buffer pool
2024-05-10 23:56:15 0 [Note] InnoDB: Starting crash recovery from checkpoint LSN=300288
2024-05-10 23:56:15 0 [Note] InnoDB: 128 out of 128 rollback segments are active.
2024-05-10 23:56:15 0 [Note] InnoDB: Removed temporary tablespace data file: "ibtmp1"
2024-05-10 23:56:15 0 [Note] InnoDB: Creating shared tablespace for temporary tables
2024-05-10 23:56:15 0 [Note] InnoDB: Setting file 'D:\Programs\Xampp\mysql\data\ibtmp1' size to 12 MB. Physically writing the file full; Please wait ...
2024-05-10 23:56:15 0 [Note] InnoDB: File 'D:\Programs\Xampp\mysql\data\ibtmp1' size is now 12 MB.
2024-05-10 23:56:15 0 [Note] InnoDB: Waiting for purge to start
2024-05-10 23:56:15 0 [Note] InnoDB: 10.4.32 started; log sequence number 300297; transaction id 170
2024-05-10 23:56:15 0 [Note] InnoDB: Loading buffer pool(s) from D:\Programs\Xampp\mysql\data\ib_buffer_pool
2024-05-10 23:56:15 0 [Note] Plugin 'FEEDBACK' is disabled.
2024-05-10 23:56:15 0 [Note] InnoDB: Buffer pool(s) load completed at 240510 23:56:15
2024-05-10 23:56:16 0 [Note] Server socket created on IP: '::'.
2024-05-11  0:30:13 0 [Note] Starting MariaDB 10.4.32-MariaDB source revision c4143f909528e3fab0677a28631d10389354c491 as process 3668
2024-05-11  0:30:13 0 [Note] InnoDB: Mutexes and rw_locks use Windows interlocked functions
2024-05-11  0:30:13 0 [Note] InnoDB: Uses event mutexes
2024-05-11  0:30:13 0 [Note] InnoDB: Compressed tables use zlib 1.3
2024-05-11  0:30:13 0 [Note] InnoDB: Number of pools: 1
2024-05-11  0:30:13 0 [Note] InnoDB: Using SSE2 crc32 instructions
2024-05-11  0:30:13 0 [Note] InnoDB: Initializing buffer pool, total size = 16M, instances = 1, chunk size = 16M
2024-05-11  0:30:13 0 [Note] InnoDB: Completed initialization of buffer pool
2024-05-11  0:30:13 0 [Note] InnoDB: Starting crash recovery from checkpoint LSN=300722
2024-05-11  0:30:13 0 [Note] InnoDB: 128 out of 128 rollback segments are active.
2024-05-11  0:30:13 0 [Note] InnoDB: Removed temporary tablespace data file: "ibtmp1"
2024-05-11  0:30:13 0 [Note] InnoDB: Creating shared tablespace for temporary tables
2024-05-11  0:30:13 0 [Note] InnoDB: Setting file 'D:\Programs\Xampp\mysql\data\ibtmp1' size to 12 MB. Physically writing the file full; Please wait ...
2024-05-11  0:30:13 0 [Note] InnoDB: File 'D:\Programs\Xampp\mysql\data\ibtmp1' size is now 12 MB.
2024-05-11  0:30:13 0 [Note] InnoDB: Waiting for purge to start
2024-05-11  0:30:14 0 [Note] InnoDB: 10.4.32 started; log sequence number 300731; transaction id 193
2024-05-11  0:30:14 0 [Note] InnoDB: Loading buffer pool(s) from D:\Programs\Xampp\mysql\data\ib_buffer_pool
2024-05-11  0:30:14 0 [Note] Plugin 'FEEDBACK' is disabled.
2024-05-11  0:30:14 0 [Note] Server socket created on IP: '::'.
2024-05-11  2:33:37 0 [Note] Starting MariaDB 10.4.32-MariaDB source revision c4143f909528e3fab0677a28631d10389354c491 as process 8760
2024-05-11  2:33:37 0 [Note] mysqld.exe: Aria engine: starting recovery
recovered pages: 0% 10% 28% 47% 60% 79% 100% (0.0 seconds); tables to flush: 1 0
 (0.1 seconds); 
2024-05-11  2:33:37 0 [Note] mysqld.exe: Aria engine: recovery done
2024-05-11  2:33:37 0 [Note] InnoDB: Mutexes and rw_locks use Windows interlocked functions
2024-05-11  2:33:37 0 [Note] InnoDB: Uses event mutexes
2024-05-11  2:33:37 0 [Note] InnoDB: Compressed tables use zlib 1.3
2024-05-11  2:33:37 0 [Note] InnoDB: Number of pools: 1
2024-05-11  2:33:37 0 [Note] InnoDB: Using SSE2 crc32 instructions
2024-05-11  2:33:37 0 [Note] InnoDB: Initializing buffer pool, total size = 16M, instances = 1, chunk size = 16M
2024-05-11  2:33:37 0 [Note] InnoDB: Completed initialization of buffer pool
2024-05-11  2:33:37 0 [Note] InnoDB: Starting crash recovery from checkpoint LSN=309233
2024-05-11  2:33:38 0 [Note] InnoDB: 128 out of 128 rollback segments are active.
2024-05-11  2:33:38 0 [Note] InnoDB: Removed temporary tablespace data file: "ibtmp1"
2024-05-11  2:33:38 0 [Note] InnoDB: Creating shared tablespace for temporary tables
2024-05-11  2:33:38 0 [Note] InnoDB: Setting file 'D:\Programs\Xampp\mysql\data\ibtmp1' size to 12 MB. Physically writing the file full; Please wait ...
2024-05-11  2:33:38 0 [Note] InnoDB: File 'D:\Programs\Xampp\mysql\data\ibtmp1' size is now 12 MB.
2024-05-11  2:33:38 0 [Note] InnoDB: Waiting for purge to start
2024-05-11  2:33:39 0 [Note] InnoDB: 10.4.32 started; log sequence number 309242; transaction id 257
2024-05-11  2:33:39 0 [Note] InnoDB: Loading buffer pool(s) from D:\Programs\Xampp\mysql\data\ib_buffer_pool
2024-05-11  2:33:39 0 [Note] Plugin 'FEEDBACK' is disabled.
2024-05-11  2:33:39 0 [Note] Server socket created on IP: '::'.
2024-05-11 13:55:02 0 [Note] Starting MariaDB 10.4.32-MariaDB source revision c4143f909528e3fab0677a28631d10389354c491 as process 1184
2024-05-11 13:55:02 0 [Note] InnoDB: Mutexes and rw_locks use Windows interlocked functions
2024-05-11 13:55:02 0 [Note] InnoDB: Uses event mutexes
2024-05-11 13:55:02 0 [Note] InnoDB: Compressed tables use zlib 1.3
2024-05-11 13:55:02 0 [Note] InnoDB: Number of pools: 1
2024-05-11 13:55:02 0 [Note] InnoDB: Using SSE2 crc32 instructions
2024-05-11 13:55:02 0 [Note] InnoDB: Initializing buffer pool, total size = 16M, instances = 1, chunk size = 16M
2024-05-11 13:55:02 0 [Note] InnoDB: Completed initialization of buffer pool
2024-05-11 13:55:02 0 [Note] InnoDB: Starting crash recovery from checkpoint LSN=309568
2024-05-11 13:55:03 0 [Note] InnoDB: 128 out of 128 rollback segments are active.
2024-05-11 13:55:03 0 [Note] InnoDB: Removed temporary tablespace data file: "ibtmp1"
2024-05-11 13:55:03 0 [Note] InnoDB: Creating shared tablespace for temporary tables
2024-05-11 13:55:03 0 [Note] InnoDB: Setting file 'D:\Programs\Xampp\mysql\data\ibtmp1' size to 12 MB. Physically writing the file full; Please wait ...
2024-05-11 13:55:03 0 [Note] InnoDB: File 'D:\Programs\Xampp\mysql\data\ibtmp1' size is now 12 MB.
2024-05-11 13:55:03 0 [Note] InnoDB: Waiting for purge to start
2024-05-11 13:55:03 0 [Note] InnoDB: 10.4.32 started; log sequence number 309577; transaction id 280
2024-05-11 13:55:03 0 [Note] Plugin 'FEEDBACK' is disabled.
2024-05-11 13:55:03 0 [Note] InnoDB: Loading buffer pool(s) from D:\Programs\Xampp\mysql\data\ib_buffer_pool
2024-05-11 13:55:03 0 [Note] Server socket created on IP: '::'.
2024-05-12  1:43:02 0 [Note] Starting MariaDB 10.4.32-MariaDB source revision c4143f909528e3fab0677a28631d10389354c491 as process 19984
2024-05-12  1:43:02 0 [Note] InnoDB: Mutexes and rw_locks use Windows interlocked functions
2024-05-12  1:43:02 0 [Note] InnoDB: Uses event mutexes
2024-05-12  1:43:02 0 [Note] InnoDB: Compressed tables use zlib 1.3
2024-05-12  1:43:02 0 [Note] InnoDB: Number of pools: 1
2024-05-12  1:43:02 0 [Note] InnoDB: Using SSE2 crc32 instructions
2024-05-12  1:43:02 0 [Note] InnoDB: Initializing buffer pool, total size = 16M, instances = 1, chunk size = 16M
2024-05-12  1:43:02 0 [Note] InnoDB: Completed initialization of buffer pool
2024-05-12  1:43:02 0 [Note] InnoDB: Starting crash recovery from checkpoint LSN=392447
2024-05-12  1:43:02 0 [Note] InnoDB: 128 out of 128 rollback segments are active.
2024-05-12  1:43:02 0 [Note] InnoDB: Removed temporary tablespace data file: "ibtmp1"
2024-05-12  1:43:02 0 [Note] InnoDB: Creating shared tablespace for temporary tables
2024-05-12  1:43:02 0 [Note] InnoDB: Setting file 'C:\xampp\mysql\data\ibtmp1' size to 12 MB. Physically writing the file full; Please wait ...
2024-05-12  1:43:02 0 [Note] InnoDB: File 'C:\xampp\mysql\data\ibtmp1' size is now 12 MB.
2024-05-12  1:43:02 0 [Note] InnoDB: Waiting for purge to start
2024-05-12  1:43:02 0 [Note] InnoDB: 10.4.32 started; log sequence number 392456; transaction id 516
2024-05-12  1:43:02 0 [Note] InnoDB: Loading buffer pool(s) from C:\xampp\mysql\data\ib_buffer_pool
2024-05-12  1:43:02 0 [Note] Plugin 'FEEDBACK' is disabled.
2024-05-12  1:43:02 0 [Note] Server socket created on IP: '::'.
2024-05-12 11:15:14 0 [Note] Starting MariaDB 10.4.32-MariaDB source revision c4143f909528e3fab0677a28631d10389354c491 as process 11876
2024-05-12 11:15:14 0 [Note] InnoDB: Mutexes and rw_locks use Windows interlocked functions
2024-05-12 11:15:14 0 [Note] InnoDB: Uses event mutexes
2024-05-12 11:15:14 0 [Note] InnoDB: Compressed tables use zlib 1.3
2024-05-12 11:15:14 0 [Note] InnoDB: Number of pools: 1
2024-05-12 11:15:14 0 [Note] InnoDB: Using SSE2 crc32 instructions
2024-05-12 11:15:14 0 [Note] InnoDB: Initializing buffer pool, total size = 16M, instances = 1, chunk size = 16M
2024-05-12 11:15:14 0 [Note] InnoDB: Completed initialization of buffer pool
2024-05-12 11:15:14 0 [Note] InnoDB: Starting crash recovery from checkpoint LSN=419177
2024-05-12 11:15:14 0 [Note] InnoDB: 128 out of 128 rollback segments are active.
2024-05-12 11:15:14 0 [Note] InnoDB: Removed temporary tablespace data file: "ibtmp1"
2024-05-12 11:15:14 0 [Note] InnoDB: Creating shared tablespace for temporary tables
2024-05-12 11:15:14 0 [Note] InnoDB: Setting file 'C:\xampp\mysql\data\ibtmp1' size to 12 MB. Physically writing the file full; Please wait ...
2024-05-12 11:15:14 0 [Note] InnoDB: File 'C:\xampp\mysql\data\ibtmp1' size is now 12 MB.
2024-05-12 11:15:14 0 [Note] InnoDB: Waiting for purge to start
2024-05-12 11:15:14 0 [Note] InnoDB: 10.4.32 started; log sequence number 419186; transaction id 611
2024-05-12 11:15:14 0 [Note] InnoDB: Loading buffer pool(s) from C:\xampp\mysql\data\ib_buffer_pool
2024-05-12 11:15:14 0 [Note] Plugin 'FEEDBACK' is disabled.
2024-05-12 11:15:14 0 [Note] InnoDB: Buffer pool(s) load completed at 240512 11:15:14
2024-05-12 11:15:14 0 [Note] Server socket created on IP: '::'.
